Flow report for StopWatch
Fri Nov 08 16:10:03 2019
Quartus Prime Version 18.1.0 Build 625 09/12/2018 SJ Lite Edition


---------------------
; Table of Contents ;
---------------------
  1. Legal Notice
  2. Flow Summary
  3. Flow Settings
  4. Flow Non-Default Global Settings
  5. Flow Elapsed Time
  6. Flow OS Summary
  7. Flow Log
  8. Flow Messages
  9. Flow Suppressed Messages



----------------
; Legal Notice ;
----------------
Copyright (C) 2018  Intel Corporation. All rights reserved.
Your use of Intel Corporation's design tools, logic functions 
and other software and tools, and its AMPP partner logic 
functions, and any output files from any of the foregoing 
(including device programming or simulation files), and any 
associated documentation or information are expressly subject 
to the terms and conditions of the Intel Program License 
Subscription Agreement, the Intel Quartus Prime License Agreement,
the Intel FPGA IP License Agreement, or other applicable license
agreement, including, without limitation, that your use is for
the sole purpose of programming logic devices manufactured by
Intel and sold by Intel or its authorized distributors.  Please
refer to the applicable agreement for further details.



+----------------------------------------------------------------------------------+
; Flow Summary                                                                     ;
+------------------------------------+---------------------------------------------+
; Flow Status                        ; Successful - Fri Nov 08 16:10:03 2019       ;
; Quartus Prime Version              ; 18.1.0 Build 625 09/12/2018 SJ Lite Edition ;
; Revision Name                      ; StopWatch                                   ;
; Top-level Entity Name              ; stopwatch                                   ;
; Family                             ; MAX 10                                      ;
; Device                             ; 10M50DAF484C6GES                            ;
; Timing Models                      ; Preliminary                                 ;
; Total logic elements               ; 2,401 / 49,760 ( 5 % )                      ;
;     Total combinational functions  ; 2,400 / 49,760 ( 5 % )                      ;
;     Dedicated logic registers      ; 65 / 49,760 ( < 1 % )                       ;
; Total registers                    ; 65                                          ;
; Total pins                         ; 17 / 360 ( 5 % )                            ;
; Total virtual pins                 ; 0                                           ;
; Total memory bits                  ; 0 / 1,677,312 ( 0 % )                       ;
; Embedded Multiplier 9-bit elements ; 0 / 288 ( 0 % )                             ;
; Total PLLs                         ; 0 / 4 ( 0 % )                               ;
; UFM blocks                         ; 0 / 1 ( 0 % )                               ;
; ADC blocks                         ; 0 / 2 ( 0 % )                               ;
+------------------------------------+---------------------------------------------+


+-----------------------------------------+
; Flow Settings                           ;
+-------------------+---------------------+
; Option            ; Setting             ;
+-------------------+---------------------+
; Start date & time ; 11/08/2019 16:08:54 ;
; Main task         ; Compilation         ;
; Revision Name     ; StopWatch           ;
+-------------------+---------------------+


+------------------------------------------------------------------------------------------------------------------------------+
; Flow Non-Default Global Settings                                                                                             ;
+--------------------------------------+----------------------------------------+---------------+-------------+----------------+
; Assignment Name                      ; Value                                  ; Default Value ; Entity Name ; Section Id     ;
+--------------------------------------+----------------------------------------+---------------+-------------+----------------+
; COMPILER_SIGNATURE_ID                ; 119580873680833.157322213410048        ; --            ; --          ; --             ;
; EDA_DESIGN_INSTANCE_NAME             ; NA                                     ; --            ; --          ; stopwatchTB    ;
; EDA_NATIVELINK_SIMULATION_TEST_BENCH ; stopwatchTB                            ; --            ; --          ; eda_simulation ;
; EDA_OUTPUT_DATA_FORMAT               ; Vhdl                                   ; --            ; --          ; eda_simulation ;
; EDA_SIMULATION_TOOL                  ; ModelSim-Altera (VHDL)                 ; <None>        ; --          ; --             ;
; EDA_TEST_BENCH_ENABLE_STATUS         ; TEST_BENCH_MODE                        ; --            ; --          ; eda_simulation ;
; EDA_TEST_BENCH_FILE                  ; simulation/modelsim/stopwatch.vht      ; --            ; --          ; stopwatchTB    ;
; EDA_TEST_BENCH_MODULE_NAME           ; stopwatchTB                            ; --            ; --          ; stopwatchTB    ;
; EDA_TEST_BENCH_NAME                  ; stopwatchTB                            ; --            ; --          ; eda_simulation ;
; EDA_TIME_SCALE                       ; 1 ps                                   ; --            ; --          ; eda_simulation ;
; MAX_CORE_JUNCTION_TEMP               ; 85                                     ; --            ; --          ; --             ;
; MIN_CORE_JUNCTION_TEMP               ; 0                                      ; --            ; --          ; --             ;
; PARTITION_COLOR                      ; -- (Not supported for targeted family) ; --            ; --          ; Top            ;
; PARTITION_FITTER_PRESERVATION_LEVEL  ; -- (Not supported for targeted family) ; --            ; --          ; Top            ;
; PARTITION_NETLIST_TYPE               ; -- (Not supported for targeted family) ; --            ; --          ; Top            ;
; POWER_BOARD_THERMAL_MODEL            ; None (CONSERVATIVE)                    ; --            ; --          ; --             ;
; POWER_PRESET_COOLING_SOLUTION        ; 23 MM HEAT SINK WITH 200 LFPM AIRFLOW  ; --            ; --          ; --             ;
; PROJECT_OUTPUT_DIRECTORY             ; output_files                           ; --            ; --          ; --             ;
+--------------------------------------+----------------------------------------+---------------+-------------+----------------+


+--------------------------------------------------------------------------------------------------------------------------+
; Flow Elapsed Time                                                                                                        ;
+----------------------+--------------+-------------------------+---------------------+------------------------------------+
; Module Name          ; Elapsed Time ; Average Processors Used ; Peak Virtual Memory ; Total CPU Time (on all processors) ;
+----------------------+--------------+-------------------------+---------------------+------------------------------------+
; Analysis & Synthesis ; 00:00:25     ; 1.0                     ; 4850 MB             ; 00:00:36                           ;
; Fitter               ; 00:00:24     ; 1.1                     ; 5393 MB             ; 00:00:27                           ;
; Assembler            ; 00:00:05     ; 1.0                     ; 4695 MB             ; 00:00:04                           ;
; Timing Analyzer      ; 00:00:04     ; 1.4                     ; 4808 MB             ; 00:00:06                           ;
; EDA Netlist Writer   ; 00:00:02     ; 1.0                     ; 4668 MB             ; 00:00:01                           ;
; Total                ; 00:01:00     ; --                      ; --                  ; 00:01:14                           ;
+----------------------+--------------+-------------------------+---------------------+------------------------------------+


+------------------------------------------------------------------------------------+
; Flow OS Summary                                                                    ;
+----------------------+------------------+------------+------------+----------------+
; Module Name          ; Machine Hostname ; OS Name    ; OS Version ; Processor type ;
+----------------------+------------------+------------+------------+----------------+
; Analysis & Synthesis ; DESKTOP-RLGGMAI  ; Windows 10 ; 10.0       ; x86_64         ;
; Fitter               ; DESKTOP-RLGGMAI  ; Windows 10 ; 10.0       ; x86_64         ;
; Assembler            ; DESKTOP-RLGGMAI  ; Windows 10 ; 10.0       ; x86_64         ;
; Timing Analyzer      ; DESKTOP-RLGGMAI  ; Windows 10 ; 10.0       ; x86_64         ;
; EDA Netlist Writer   ; DESKTOP-RLGGMAI  ; Windows 10 ; 10.0       ; x86_64         ;
+----------------------+------------------+------------+------------+----------------+


------------
; Flow Log ;
------------
quartus_map --read_settings_files=on --write_settings_files=off StopWatch -c StopWatch
quartus_fit --read_settings_files=off --write_settings_files=off StopWatch -c StopWatch
quartus_asm --read_settings_files=off --write_settings_files=off StopWatch -c StopWatch
quartus_sta StopWatch -c StopWatch
quartus_eda --read_settings_files=off --write_settings_files=off StopWatch -c StopWatch



